{"C:\\Users\\achfa.ruapensa\\code\\car-rental-be-main\\index.js": {"path":"C:\\Users\\achfa.ruapensa\\code\\car-rental-be-main\\index.js","statementMap":{"0":{"start":{"line":1,"column":16},"end":{"line":2,"column":41}},"1":{"start":{"line":3,"column":0},"end":{"line":3,"column":41}},"2":{"start":{"line":4,"column":16},"end":{"line":4,"column":34}},"3":{"start":{"line":5,"column":12},"end":{"line":5,"column":21}},"4":{"start":{"line":6,"column":13},"end":{"line":6,"column":28}},"5":{"start":{"line":7,"column":13},"end":{"line":7,"column":28}},"6":{"start":{"line":8,"column":15},"end":{"line":8,"column":38}},"7":{"start":{"line":9,"column":21},"end":{"line":9,"column":62}},"8":{"start":{"line":11,"column":24},"end":{"line":11,"column":35}},"9":{"start":{"line":16,"column":0},"end":{"line":16,"column":32}},"10":{"start":{"line":18,"column":0},"end":{"line":18,"column":15}},"11":{"start":{"line":19,"column":0},"end":{"line":19,"column":24}},"12":{"start":{"line":21,"column":0},"end":{"line":21,"column":70}},"13":{"start":{"line":23,"column":0},"end":{"line":25,"column":2}},"14":{"start":{"line":24,"column":2},"end":{"line":24,"column":40}},"15":{"start":{"line":27,"column":0},"end":{"line":27,"column":26}},"16":{"start":{"line":30,"column":0},"end":{"line":30,"column":21}},"17":{"start":{"line":32,"column":0},"end":{"line":34,"column":2}},"18":{"start":{"line":33,"column":2},"end":{"line":33,"column":58}},"19":{"start":{"line":36,"column":15},"end":{"line":38,"column":2}},"20":{"start":{"line":37,"column":2},"end":{"line":37,"column":65}},"21":{"start":{"line":40,"column":0},"end":{"line":40,"column":24}}},"fnMap":{"0":{"name":"(anonymous_0)","decl":{"start":{"line":23,"column":13},"end":{"line":23,"column":14}},"loc":{"start":{"line":23,"column":33},"end":{"line":25,"column":1}},"line":23},"1":{"name":"(anonymous_1)","decl":{"start":{"line":32,"column":8},"end":{"line":32,"column":9}},"loc":{"start":{"line":32,"column":28},"end":{"line":34,"column":1}},"line":32},"2":{"name":"(anonymous_2)","decl":{"start":{"line":36,"column":32},"end":{"line":36,"column":33}},"loc":{"start":{"line":36,"column":38},"end":{"line":38,"column":1}},"line":36}},"branchMap":{"0":{"loc":{"start":{"line":1,"column":16},"end":{"line":2,"column":41}},"type":"cond-expr","locations":[{"start":{"line":2,"column":2},"end":{"line":2,"column":8}},{"start":{"line":2,"column":11},"end":{"line":2,"column":41}}],"line":1},"1":{"loc":{"start":{"line":11,"column":8},"end":{"line":11,"column":19}},"type":"default-arg","locations":[{"start":{"line":11,"column":15},"end":{"line":11,"column":19}}],"line":11}},"s":{"0":1,"1":1,"2":1,"3":1,"4":1,"5":1,"6":1,"7":1,"8":1,"9":1,"10":1,"11":1,"12":1,"13":1,"14":0,"15":1,"16":1,"17":1,"18":0,"19":1,"20":1,"21":1},"f":{"0":0,"1":0,"2":1},"b":{"0":[0,1],"1":[1]},"_coverageSchema":"1a1c01bbd47fc00a2c39e90264f33305004495a9","hash":"e7a550d1d571096b7454043c7f62b5735983cdce"}
,"C:\\Users\\achfa.ruapensa\\code\\car-rental-be-main\\src\\controllers\\base.js": {"path":"C:\\Users\\achfa.ruapensa\\code\\car-rental-be-main\\src\\controllers\\base.js","statementMap":{"0":{"start":{"line":2,"column":24},"end":{"line":2,"column":63}},"1":{"start":{"line":3,"column":19},"end":{"line":3,"column":55}},"2":{"start":{"line":4,"column":35},"end":{"line":4,"column":61}},"3":{"start":{"line":5,"column":19},"end":{"line":5,"column":44}},"4":{"start":{"line":9,"column":4},"end":{"line":9,"column":23}},"5":{"start":{"line":10,"column":4},"end":{"line":10,"column":33}},"6":{"start":{"line":13,"column":11},"end":{"line":58,"column":3}},"7":{"start":{"line":14,"column":4},"end":{"line":57,"column":5}},"8":{"start":{"line":21,"column":10},"end":{"line":21,"column":19}},"9":{"start":{"line":23,"column":6},"end":{"line":23,"column":51}},"10":{"start":{"line":23,"column":17},"end":{"line":23,"column":51}},"11":{"start":{"line":24,"column":6},"end":{"line":29,"column":7}},"12":{"start":{"line":25,"column":8},"end":{"line":28,"column":9}},"13":{"start":{"line":31,"column":35},"end":{"line":39,"column":8}},"14":{"start":{"line":41,"column":6},"end":{"line":54,"column":8}},"15":{"start":{"line":56,"column":6},"end":{"line":56,"column":33}},"16":{"start":{"line":60,"column":8},"end":{"line":77,"column":3}},"17":{"start":{"line":61,"column":4},"end":{"line":76,"column":5}},"18":{"start":{"line":62,"column":21},"end":{"line":62,"column":31}},"19":{"start":{"line":63,"column":23},"end":{"line":63,"column":51}},"20":{"start":{"line":64,"column":6},"end":{"line":66,"column":7}},"21":{"start":{"line":65,"column":8},"end":{"line":65,"column":80}},"22":{"start":{"line":67,"column":6},"end":{"line":73,"column":8}},"23":{"start":{"line":75,"column":6},"end":{"line":75,"column":33}},"24":{"start":{"line":79,"column":11},"end":{"line":98,"column":3}},"25":{"start":{"line":80,"column":4},"end":{"line":97,"column":5}},"26":{"start":{"line":81,"column":19},"end":{"line":85,"column":7}},"27":{"start":{"line":86,"column":23},"end":{"line":86,"column":49}},"28":{"start":{"line":88,"column":6},"end":{"line":94,"column":8}},"29":{"start":{"line":96,"column":6},"end":{"line":96,"column":33}},"30":{"start":{"line":100,"column":11},"end":{"line":127,"column":3}},"31":{"start":{"line":101,"column":19},"end":{"line":101,"column":29}},"32":{"start":{"line":102,"column":4},"end":{"line":126,"column":5}},"33":{"start":{"line":103,"column":19},"end":{"line":107,"column":7}},"34":{"start":{"line":108,"column":23},"end":{"line":108,"column":56}},"35":{"start":{"line":110,"column":6},"end":{"line":116,"column":8}},"36":{"start":{"line":119,"column":6},"end":{"line":123,"column":7}},"37":{"start":{"line":120,"column":8},"end":{"line":122,"column":9}},"38":{"start":{"line":121,"column":10},"end":{"line":121,"column":78}},"39":{"start":{"line":125,"column":6},"end":{"line":125,"column":33}},"40":{"start":{"line":129,"column":11},"end":{"line":150,"column":3}},"41":{"start":{"line":130,"column":19},"end":{"line":130,"column":29}},"42":{"start":{"line":131,"column":4},"end":{"line":149,"column":5}},"43":{"start":{"line":132,"column":23},"end":{"line":132,"column":50}},"44":{"start":{"line":134,"column":6},"end":{"line":140,"column":8}},"45":{"start":{"line":143,"column":6},"end":{"line":147,"column":7}},"46":{"start":{"line":144,"column":8},"end":{"line":146,"column":9}},"47":{"start":{"line":145,"column":10},"end":{"line":145,"column":78}},"48":{"start":{"line":148,"column":6},"end":{"line":148,"column":33}},"49":{"start":{"line":152,"column":11},"end":{"line":173,"column":3}},"50":{"start":{"line":153,"column":4},"end":{"line":172,"column":5}},"51":{"start":{"line":159,"column":10},"end":{"line":159,"column":19}},"52":{"start":{"line":161,"column":35},"end":{"line":169,"column":10}},"53":{"start":{"line":171,"column":6},"end":{"line":171,"column":41}},"54":{"start":{"line":175,"column":11},"end":{"line":205,"column":3}},"55":{"start":{"line":176,"column":4},"end":{"line":204,"column":5}},"56":{"start":{"line":177,"column":23},"end":{"line":177,"column":26}},"57":{"start":{"line":178,"column":26},"end":{"line":181,"column":7}},"58":{"start":{"line":183,"column":6},"end":{"line":185,"column":7}},"59":{"start":{"line":184,"column":8},"end":{"line":184,"column":60}},"60":{"start":{"line":187,"column":19},"end":{"line":187,"column":33}},"61":{"start":{"line":189,"column":6},"end":{"line":189,"column":82}},"62":{"start":{"line":189,"column":18},"end":{"line":189,"column":81}},"63":{"start":{"line":191,"column":25},"end":{"line":191,"column":55}},"64":{"start":{"line":193,"column":6},"end":{"line":200,"column":8}},"65":{"start":{"line":202,"column":6},"end":{"line":202,"column":20}},"66":{"start":{"line":203,"column":6},"end":{"line":203,"column":51}},"67":{"start":{"line":211,"column":17},"end":{"line":220,"column":3}},"68":{"start":{"line":212,"column":14},"end":{"line":215,"column":5}},"69":{"start":{"line":217,"column":4},"end":{"line":219,"column":5}},"70":{"start":{"line":218,"column":37},"end":{"line":218,"column":47}},"71":{"start":{"line":223,"column":4},"end":{"line":229,"column":6}},"72":{"start":{"line":233,"column":0},"end":{"line":233,"column":32}}},"fnMap":{"0":{"name":"(anonymous_0)","decl":{"start":{"line":8,"column":2},"end":{"line":8,"column":3}},"loc":{"start":{"line":8,"column":21},"end":{"line":11,"column":3}},"line":8},"1":{"name":"(anonymous_1)","decl":{"start":{"line":13,"column":11},"end":{"line":13,"column":12}},"loc":{"start":{"line":13,"column":37},"end":{"line":58,"column":3}},"line":13},"2":{"name":"(anonymous_2)","decl":{"start":{"line":60,"column":8},"end":{"line":60,"column":9}},"loc":{"start":{"line":60,"column":34},"end":{"line":77,"column":3}},"line":60},"3":{"name":"(anonymous_3)","decl":{"start":{"line":79,"column":11},"end":{"line":79,"column":12}},"loc":{"start":{"line":79,"column":37},"end":{"line":98,"column":3}},"line":79},"4":{"name":"(anonymous_4)","decl":{"start":{"line":100,"column":11},"end":{"line":100,"column":12}},"loc":{"start":{"line":100,"column":37},"end":{"line":127,"column":3}},"line":100},"5":{"name":"(anonymous_5)","decl":{"start":{"line":129,"column":11},"end":{"line":129,"column":12}},"loc":{"start":{"line":129,"column":37},"end":{"line":150,"column":3}},"line":129},"6":{"name":"(anonymous_6)","decl":{"start":{"line":152,"column":11},"end":{"line":152,"column":12}},"loc":{"start":{"line":152,"column":22},"end":{"line":173,"column":3}},"line":152},"7":{"name":"(anonymous_7)","decl":{"start":{"line":153,"column":11},"end":{"line":153,"column":12}},"loc":{"start":{"line":153,"column":36},"end":{"line":172,"column":5}},"line":153},"8":{"name":"(anonymous_8)","decl":{"start":{"line":175,"column":11},"end":{"line":175,"column":12}},"loc":{"start":{"line":175,"column":36},"end":{"line":205,"column":3}},"line":175},"9":{"name":"(anonymous_9)","decl":{"start":{"line":211,"column":17},"end":{"line":211,"column":18}},"loc":{"start":{"line":211,"column":29},"end":{"line":220,"column":3}},"line":211},"10":{"name":"(anonymous_10)","decl":{"start":{"line":218,"column":31},"end":{"line":218,"column":32}},"loc":{"start":{"line":218,"column":37},"end":{"line":218,"column":47}},"line":218},"11":{"name":"(anonymous_11)","decl":{"start":{"line":222,"column":2},"end":{"line":222,"column":3}},"loc":{"start":{"line":222,"column":55},"end":{"line":230,"column":3}},"line":222}},"branchMap":{"0":{"loc":{"start":{"line":16,"column":8},"end":{"line":16,"column":29}},"type":"default-arg","locations":[{"start":{"line":16,"column":17},"end":{"line":16,"column":29}}],"line":16},"1":{"loc":{"start":{"line":17,"column":8},"end":{"line":17,"column":21}},"type":"default-arg","locations":[{"start":{"line":17,"column":15},"end":{"line":17,"column":21}}],"line":17},"2":{"loc":{"start":{"line":18,"column":8},"end":{"line":18,"column":16}},"type":"default-arg","locations":[{"start":{"line":18,"column":15},"end":{"line":18,"column":16}}],"line":18},"3":{"loc":{"start":{"line":19,"column":8},"end":{"line":19,"column":18}},"type":"default-arg","locations":[{"start":{"line":19,"column":16},"end":{"line":19,"column":18}}],"line":19},"4":{"loc":{"start":{"line":20,"column":8},"end":{"line":20,"column":26}},"type":"default-arg","locations":[{"start":{"line":20,"column":17},"end":{"line":20,"column":26}}],"line":20},"5":{"loc":{"start":{"line":23,"column":6},"end":{"line":23,"column":51}},"type":"if","locations":[{"start":{"line":23,"column":6},"end":{"line":23,"column":51}},{"start":{},"end":{}}],"line":23},"6":{"loc":{"start":{"line":24,"column":6},"end":{"line":29,"column":7}},"type":"if","locations":[{"start":{"line":24,"column":6},"end":{"line":29,"column":7}},{"start":{},"end":{}}],"line":24},"7":{"loc":{"start":{"line":64,"column":6},"end":{"line":66,"column":7}},"type":"if","locations":[{"start":{"line":64,"column":6},"end":{"line":66,"column":7}},{"start":{},"end":{}}],"line":64},"8":{"loc":{"start":{"line":119,"column":6},"end":{"line":123,"column":7}},"type":"if","locations":[{"start":{"line":119,"column":6},"end":{"line":123,"column":7}},{"start":{},"end":{}}],"line":119},"9":{"loc":{"start":{"line":120,"column":8},"end":{"line":122,"column":9}},"type":"if","locations":[{"start":{"line":120,"column":8},"end":{"line":122,"column":9}},{"start":{},"end":{}}],"line":120},"10":{"loc":{"start":{"line":143,"column":6},"end":{"line":147,"column":7}},"type":"if","locations":[{"start":{"line":143,"column":6},"end":{"line":147,"column":7}},{"start":{},"end":{}}],"line":143},"11":{"loc":{"start":{"line":144,"column":8},"end":{"line":146,"column":9}},"type":"if","locations":[{"start":{"line":144,"column":8},"end":{"line":146,"column":9}},{"start":{},"end":{}}],"line":144},"12":{"loc":{"start":{"line":155,"column":8},"end":{"line":155,"column":29}},"type":"default-arg","locations":[{"start":{"line":155,"column":17},"end":{"line":155,"column":29}}],"line":155},"13":{"loc":{"start":{"line":156,"column":8},"end":{"line":156,"column":21}},"type":"default-arg","locations":[{"start":{"line":156,"column":15},"end":{"line":156,"column":21}}],"line":156},"14":{"loc":{"start":{"line":157,"column":8},"end":{"line":157,"column":16}},"type":"default-arg","locations":[{"start":{"line":157,"column":15},"end":{"line":157,"column":16}}],"line":157},"15":{"loc":{"start":{"line":158,"column":8},"end":{"line":158,"column":18}},"type":"default-arg","locations":[{"start":{"line":158,"column":16},"end":{"line":158,"column":18}}],"line":158},"16":{"loc":{"start":{"line":183,"column":6},"end":{"line":185,"column":7}},"type":"if","locations":[{"start":{"line":183,"column":6},"end":{"line":185,"column":7}},{"start":{},"end":{}}],"line":183},"17":{"loc":{"start":{"line":189,"column":6},"end":{"line":189,"column":82}},"type":"if","locations":[{"start":{"line":189,"column":6},"end":{"line":189,"column":82}},{"start":{},"end":{}}],"line":189},"18":{"loc":{"start":{"line":228,"column":10},"end":{"line":228,"column":34}},"type":"binary-expr","locations":[{"start":{"line":228,"column":10},"end":{"line":228,"column":20}},{"start":{"line":228,"column":24},"end":{"line":228,"column":34}}],"line":228}},"s":{"0":1,"1":1,"2":1,"3":1,"4":5,"5":5,"6":5,"7":0,"8":0,"9":0,"10":0,"11":0,"12":0,"13":0,"14":0,"15":0,"16":5,"17":0,"18":0,"19":0,"20":0,"21":0,"22":0,"23":0,"24":5,"25":0,"26":0,"27":0,"28":0,"29":0,"30":5,"31":0,"32":0,"33":0,"34":0,"35":0,"36":0,"37":0,"38":0,"39":0,"40":5,"41":0,"42":0,"43":0,"44":0,"45":0,"46":0,"47":0,"48":0,"49":5,"50":1,"51":0,"52":0,"53":0,"54":5,"55":0,"56":0,"57":0,"58":0,"59":0,"60":0,"61":0,"62":0,"63":0,"64":0,"65":0,"66":0,"67":5,"68":0,"69":0,"70":0,"71":2,"72":1},"f":{"0":5,"1":0,"2":0,"3":0,"4":0,"5":0,"6":1,"7":0,"8":0,"9":0,"10":0,"11":2},"b":{"0":[0],"1":[0],"2":[0],"3":[0],"4":[0],"5":[0,0],"6":[0,0],"7":[0,0],"8":[0,0],"9":[0,0],"10":[0,0],"11":[0,0],"12":[0],"13":[0],"14":[0],"15":[0],"16":[0,0],"17":[0,0],"18":[2,0]},"_coverageSchema":"1a1c01bbd47fc00a2c39e90264f33305004495a9","hash":"fc2061c14b208f8da6c163e275a2020002b4e5e2"}
,"C:\\Users\\achfa.ruapensa\\code\\car-rental-be-main\\src\\controllers\\index.js": {"path":"C:\\Users\\achfa.ruapensa\\code\\car-rental-be-main\\src\\controllers\\index.js","statementMap":{"0":{"start":{"line":1,"column":13},"end":{"line":1,"column":30}},"1":{"start":{"line":2,"column":14},"end":{"line":2,"column":32}},"2":{"start":{"line":3,"column":13},"end":{"line":3,"column":30}},"3":{"start":{"line":4,"column":14},"end":{"line":4,"column":32}},"4":{"start":{"line":5,"column":15},"end":{"line":5,"column":34}},"5":{"start":{"line":7,"column":0},"end":{"line":13,"column":1}}},"fnMap":{},"branchMap":{},"s":{"0":1,"1":1,"2":1,"3":1,"4":1,"5":1},"f":{},"b":{},"_coverageSchema":"1a1c01bbd47fc00a2c39e90264f33305004495a9","hash":"046c5cffed35155e1d7d940ef43e4840bd121ed8"}
,"C:\\Users\\achfa.ruapensa\\code\\car-rental-be-main\\src\\controllers\\auth\\index.js": {"path":"C:\\Users\\achfa.ruapensa\\code\\car-rental-be-main\\src\\controllers\\auth\\index.js","statementMap":{"0":{"start":{"line":1,"column":12},"end":{"line":1,"column":26}},"1":{"start":{"line":2,"column":16},"end":{"line":2,"column":34}},"2":{"start":{"line":4,"column":23},"end":{"line":4,"column":41}},"3":{"start":{"line":5,"column":18},"end":{"line":5,"column":46}},"4":{"start":{"line":6,"column":43},"end":{"line":6,"column":74}},"5":{"start":{"line":7,"column":24},"end":{"line":7,"column":52}},"6":{"start":{"line":8,"column":15},"end":{"line":8,"column":31}},"7":{"start":{"line":10,"column":13},"end":{"line":10,"column":28}},"8":{"start":{"line":12,"column":21},"end":{"line":24,"column":2}},"9":{"start":{"line":26,"column":21},"end":{"line":29,"column":2}},"10":{"start":{"line":33,"column":4},"end":{"line":33,"column":17}},"11":{"start":{"line":34,"column":4},"end":{"line":34,"column":71}},"12":{"start":{"line":35,"column":4},"end":{"line":35,"column":71}},"13":{"start":{"line":38,"column":11},"end":{"line":72,"column":3}},"14":{"start":{"line":39,"column":4},"end":{"line":71,"column":5}},"15":{"start":{"line":40,"column":34},"end":{"line":40,"column":42}},"16":{"start":{"line":41,"column":19},"end":{"line":41,"column":64}},"17":{"start":{"line":43,"column":6},"end":{"line":43,"column":79}},"18":{"start":{"line":43,"column":17},"end":{"line":43,"column":79}},"19":{"start":{"line":45,"column":22},"end":{"line":45,"column":66}},"20":{"start":{"line":47,"column":6},"end":{"line":48,"column":70}},"21":{"start":{"line":48,"column":8},"end":{"line":48,"column":70}},"22":{"start":{"line":50,"column":20},"end":{"line":52,"column":8}},"23":{"start":{"line":54,"column":6},"end":{"line":68,"column":8}},"24":{"start":{"line":70,"column":6},"end":{"line":70,"column":31}},"25":{"start":{"line":74,"column":11},"end":{"line":104,"column":3}},"26":{"start":{"line":75,"column":4},"end":{"line":103,"column":5}},"27":{"start":{"line":76,"column":34},"end":{"line":76,"column":42}},"28":{"start":{"line":77,"column":19},"end":{"line":77,"column":64}},"29":{"start":{"line":79,"column":6},"end":{"line":79,"column":73}},"30":{"start":{"line":79,"column":16},"end":{"line":79,"column":73}},"31":{"start":{"line":81,"column":22},"end":{"line":85,"column":8}},"32":{"start":{"line":87,"column":6},"end":{"line":100,"column":8}},"33":{"start":{"line":102,"column":6},"end":{"line":102,"column":31}},"34":{"start":{"line":107,"column":0},"end":{"line":107,"column":25}},"35":{"start":{"line":109,"column":0},"end":{"line":109,"column":24}}},"fnMap":{"0":{"name":"(anonymous_0)","decl":{"start":{"line":32,"column":2},"end":{"line":32,"column":3}},"loc":{"start":{"line":32,"column":21},"end":{"line":36,"column":3}},"line":32},"1":{"name":"(anonymous_1)","decl":{"start":{"line":38,"column":11},"end":{"line":38,"column":12}},"loc":{"start":{"line":38,"column":37},"end":{"line":72,"column":3}},"line":38},"2":{"name":"(anonymous_2)","decl":{"start":{"line":74,"column":11},"end":{"line":74,"column":12}},"loc":{"start":{"line":74,"column":37},"end":{"line":104,"column":3}},"line":74}},"branchMap":{"0":{"loc":{"start":{"line":43,"column":6},"end":{"line":43,"column":79}},"type":"if","locations":[{"start":{"line":43,"column":6},"end":{"line":43,"column":79}},{"start":{},"end":{}}],"line":43},"1":{"loc":{"start":{"line":47,"column":6},"end":{"line":48,"column":70}},"type":"if","locations":[{"start":{"line":47,"column":6},"end":{"line":48,"column":70}},{"start":{},"end":{}}],"line":47},"2":{"loc":{"start":{"line":79,"column":6},"end":{"line":79,"column":73}},"type":"if","locations":[{"start":{"line":79,"column":6},"end":{"line":79,"column":73}},{"start":{},"end":{}}],"line":79}},"s":{"0":1,"1":1,"2":1,"3":1,"4":1,"5":1,"6":1,"7":1,"8":1,"9":1,"10":1,"11":1,"12":1,"13":1,"14":1,"15":1,"16":1,"17":1,"18":0,"19":1,"20":1,"21":0,"22":1,"23":1,"24":0,"25":1,"26":1,"27":1,"28":1,"29":1,"30":0,"31":1,"32":1,"33":0,"34":1,"35":1},"f":{"0":1,"1":1,"2":1},"b":{"0":[0,1],"1":[0,1],"2":[0,1]},"_coverageSchema":"1a1c01bbd47fc00a2c39e90264f33305004495a9","hash":"1f1b2ab970c9a6816aa01c17a5a11bf494281670"}
,"C:\\Users\\achfa.ruapensa\\code\\car-rental-be-main\\src\\controllers\\cars\\index.js": {"path":"C:\\Users\\achfa.ruapensa\\code\\car-rental-be-main\\src\\controllers\\cars\\index.js","statementMap":{"0":{"start":{"line":1,"column":12},"end":{"line":1,"column":26}},"1":{"start":{"line":3,"column":23},"end":{"line":3,"column":41}},"2":{"start":{"line":4,"column":17},"end":{"line":4,"column":45}},"3":{"start":{"line":5,"column":16},"end":{"line":5,"column":34}},"4":{"start":{"line":6,"column":33},"end":{"line":6,"column":75}},"5":{"start":{"line":7,"column":19},"end":{"line":7,"column":54}},"6":{"start":{"line":8,"column":13},"end":{"line":8,"column":46}},"7":{"start":{"line":9,"column":13},"end":{"line":9,"column":29}},"8":{"start":{"line":11,"column":13},"end":{"line":11,"column":27}},"9":{"start":{"line":13,"column":18},"end":{"line":27,"column":2}},"10":{"start":{"line":31,"column":4},"end":{"line":31,"column":17}},"11":{"start":{"line":32,"column":4},"end":{"line":32,"column":61}},"12":{"start":{"line":33,"column":4},"end":{"line":33,"column":52}},"13":{"start":{"line":34,"column":4},"end":{"line":34,"column":97}},"14":{"start":{"line":35,"column":4},"end":{"line":35,"column":54}},"15":{"start":{"line":36,"column":4},"end":{"line":36,"column":63}},"16":{"start":{"line":37,"column":4},"end":{"line":37,"column":33}},"17":{"start":{"line":38,"column":4},"end":{"line":38,"column":99}},"18":{"start":{"line":39,"column":4},"end":{"line":39,"column":39}},"19":{"start":{"line":64,"column":17},"end":{"line":88,"column":3}},"20":{"start":{"line":65,"column":17},"end":{"line":65,"column":19}},"21":{"start":{"line":66,"column":4},"end":{"line":68,"column":5}},"22":{"start":{"line":67,"column":6},"end":{"line":67,"column":55}},"23":{"start":{"line":69,"column":4},"end":{"line":71,"column":5}},"24":{"start":{"line":70,"column":6},"end":{"line":70,"column":55}},"25":{"start":{"line":72,"column":4},"end":{"line":74,"column":5}},"26":{"start":{"line":73,"column":6},"end":{"line":73,"column":53}},"27":{"start":{"line":75,"column":4},"end":{"line":77,"column":5}},"28":{"start":{"line":76,"column":6},"end":{"line":76,"column":53}},"29":{"start":{"line":78,"column":4},"end":{"line":80,"column":5}},"30":{"start":{"line":79,"column":6},"end":{"line":79,"column":55}},"31":{"start":{"line":81,"column":4},"end":{"line":83,"column":5}},"32":{"start":{"line":82,"column":6},"end":{"line":82,"column":55}},"33":{"start":{"line":85,"column":4},"end":{"line":85,"column":42}},"34":{"start":{"line":85,"column":22},"end":{"line":85,"column":42}},"35":{"start":{"line":87,"column":4},"end":{"line":87,"column":10}},"36":{"start":{"line":91,"column":0},"end":{"line":91,"column":25}},"37":{"start":{"line":93,"column":0},"end":{"line":93,"column":23}}},"fnMap":{"0":{"name":"(anonymous_0)","decl":{"start":{"line":30,"column":2},"end":{"line":30,"column":3}},"loc":{"start":{"line":30,"column":21},"end":{"line":40,"column":3}},"line":30},"1":{"name":"(anonymous_1)","decl":{"start":{"line":64,"column":17},"end":{"line":64,"column":18}},"loc":{"start":{"line":64,"column":37},"end":{"line":88,"column":3}},"line":64}},"branchMap":{"0":{"loc":{"start":{"line":66,"column":4},"end":{"line":68,"column":5}},"type":"if","locations":[{"start":{"line":66,"column":4},"end":{"line":68,"column":5}},{"start":{},"end":{}}],"line":66},"1":{"loc":{"start":{"line":69,"column":4},"end":{"line":71,"column":5}},"type":"if","locations":[{"start":{"line":69,"column":4},"end":{"line":71,"column":5}},{"start":{},"end":{}}],"line":69},"2":{"loc":{"start":{"line":72,"column":4},"end":{"line":74,"column":5}},"type":"if","locations":[{"start":{"line":72,"column":4},"end":{"line":74,"column":5}},{"start":{},"end":{}}],"line":72},"3":{"loc":{"start":{"line":75,"column":4},"end":{"line":77,"column":5}},"type":"if","locations":[{"start":{"line":75,"column":4},"end":{"line":77,"column":5}},{"start":{},"end":{}}],"line":75},"4":{"loc":{"start":{"line":78,"column":4},"end":{"line":80,"column":5}},"type":"if","locations":[{"start":{"line":78,"column":4},"end":{"line":80,"column":5}},{"start":{},"end":{}}],"line":78},"5":{"loc":{"start":{"line":81,"column":4},"end":{"line":83,"column":5}},"type":"if","locations":[{"start":{"line":81,"column":4},"end":{"line":83,"column":5}},{"start":{},"end":{}}],"line":81},"6":{"loc":{"start":{"line":85,"column":4},"end":{"line":85,"column":42}},"type":"if","locations":[{"start":{"line":85,"column":4},"end":{"line":85,"column":42}},{"start":{},"end":{}}],"line":85}},"s":{"0":1,"1":1,"2":1,"3":1,"4":1,"5":1,"6":1,"7":1,"8":1,"9":1,"10":1,"11":1,"12":1,"13":1,"14":1,"15":1,"16":1,"17":1,"18":1,"19":1,"20":0,"21":0,"22":0,"23":0,"24":0,"25":0,"26":0,"27":0,"28":0,"29":0,"30":0,"31":0,"32":0,"33":0,"34":0,"35":0,"36":1,"37":1},"f":{"0":1,"1":0},"b":{"0":[0,0],"1":[0,0],"2":[0,0],"3":[0,0],"4":[0,0],"5":[0,0],"6":[0,0]},"_coverageSchema":"1a1c01bbd47fc00a2c39e90264f33305004495a9","hash":"5d136e8b3cf8dd4fe6a04049bf4196e29ce09d7b"}
,"C:\\Users\\achfa.ruapensa\\code\\car-rental-be-main\\src\\controllers\\order\\index.js": {"path":"C:\\Users\\achfa.ruapensa\\code\\car-rental-be-main\\src\\controllers\\order\\index.js","statementMap":{"0":{"start":{"line":1,"column":12},"end":{"line":1,"column":26}},"1":{"start":{"line":2,"column":16},"end":{"line":2,"column":34}},"2":{"start":{"line":4,"column":23},"end":{"line":4,"column":41}},"3":{"start":{"line":5,"column":19},"end":{"line":5,"column":48}},"4":{"start":{"line":6,"column":18},"end":{"line":6,"column":46}},"5":{"start":{"line":7,"column":33},"end":{"line":7,"column":75}},"6":{"start":{"line":8,"column":24},"end":{"line":8,"column":66}},"7":{"start":{"line":9,"column":26},"end":{"line":9,"column":64}},"8":{"start":{"line":10,"column":15},"end":{"line":10,"column":31}},"9":{"start":{"line":12,"column":14},"end":{"line":12,"column":30}},"10":{"start":{"line":13,"column":13},"end":{"line":13,"column":28}},"11":{"start":{"line":15,"column":20},"end":{"line":20,"column":2}},"12":{"start":{"line":24,"column":4},"end":{"line":24,"column":17}},"13":{"start":{"line":25,"column":4},"end":{"line":25,"column":33}},"14":{"start":{"line":26,"column":4},"end":{"line":26,"column":75}},"15":{"start":{"line":27,"column":4},"end":{"line":27,"column":54}},"16":{"start":{"line":28,"column":4},"end":{"line":28,"column":56}},"17":{"start":{"line":34,"column":11},"end":{"line":101,"column":3}},"18":{"start":{"line":35,"column":4},"end":{"line":100,"column":5}},"19":{"start":{"line":36,"column":22},"end":{"line":45,"column":8}},"20":{"start":{"line":47,"column":6},"end":{"line":48,"column":79}},"21":{"start":{"line":48,"column":8},"end":{"line":48,"column":79}},"22":{"start":{"line":50,"column":32},"end":{"line":54,"column":8}},"23":{"start":{"line":55,"column":6},"end":{"line":55,"column":49}},"24":{"start":{"line":56,"column":26},"end":{"line":56,"column":36}},"25":{"start":{"line":57,"column":24},"end":{"line":57,"column":53}},"26":{"start":{"line":58,"column":22},"end":{"line":58,"column":49}},"27":{"start":{"line":60,"column":8},"end":{"line":60,"column":69}},"28":{"start":{"line":61,"column":24},"end":{"line":63,"column":58}},"29":{"start":{"line":65,"column":34},"end":{"line":88,"column":8}},"30":{"start":{"line":90,"column":6},"end":{"line":97,"column":8}},"31":{"start":{"line":99,"column":6},"end":{"line":99,"column":25}},"32":{"start":{"line":103,"column":12},"end":{"line":128,"column":3}},"33":{"start":{"line":104,"column":19},"end":{"line":104,"column":29}},"34":{"start":{"line":105,"column":4},"end":{"line":127,"column":5}},"35":{"start":{"line":106,"column":26},"end":{"line":106,"column":34}},"36":{"start":{"line":107,"column":20},"end":{"line":107,"column":48}},"37":{"start":{"line":109,"column":6},"end":{"line":111,"column":7}},"38":{"start":{"line":110,"column":8},"end":{"line":110,"column":62}},"39":{"start":{"line":113,"column":24},"end":{"line":115,"column":8}},"40":{"start":{"line":117,"column":6},"end":{"line":124,"column":8}},"41":{"start":{"line":126,"column":6},"end":{"line":126,"column":25}},"42":{"start":{"line":130,"column":20},"end":{"line":165,"column":3}},"43":{"start":{"line":131,"column":19},"end":{"line":131,"column":29}},"44":{"start":{"line":132,"column":4},"end":{"line":164,"column":5}},"45":{"start":{"line":133,"column":20},"end":{"line":155,"column":8}},"46":{"start":{"line":157,"column":6},"end":{"line":159,"column":7}},"47":{"start":{"line":158,"column":8},"end":{"line":158,"column":60}},"48":{"start":{"line":161,"column":6},"end":{"line":161,"column":32}},"49":{"start":{"line":163,"column":6},"end":{"line":163,"column":25}},"50":{"start":{"line":168,"column":0},"end":{"line":168,"column":27}},"51":{"start":{"line":170,"column":0},"end":{"line":170,"column":24}}},"fnMap":{"0":{"name":"(anonymous_0)","decl":{"start":{"line":23,"column":2},"end":{"line":23,"column":3}},"loc":{"start":{"line":23,"column":21},"end":{"line":32,"column":3}},"line":23},"1":{"name":"(anonymous_1)","decl":{"start":{"line":34,"column":11},"end":{"line":34,"column":12}},"loc":{"start":{"line":34,"column":37},"end":{"line":101,"column":3}},"line":34},"2":{"name":"(anonymous_2)","decl":{"start":{"line":103,"column":12},"end":{"line":103,"column":13}},"loc":{"start":{"line":103,"column":38},"end":{"line":128,"column":3}},"line":103},"3":{"name":"(anonymous_3)","decl":{"start":{"line":130,"column":20},"end":{"line":130,"column":21}},"loc":{"start":{"line":130,"column":46},"end":{"line":165,"column":3}},"line":130}},"branchMap":{"0":{"loc":{"start":{"line":47,"column":6},"end":{"line":48,"column":79}},"type":"if","locations":[{"start":{"line":47,"column":6},"end":{"line":48,"column":79}},{"start":{},"end":{}}],"line":47},"1":{"loc":{"start":{"line":109,"column":6},"end":{"line":111,"column":7}},"type":"if","locations":[{"start":{"line":109,"column":6},"end":{"line":111,"column":7}},{"start":{},"end":{}}],"line":109},"2":{"loc":{"start":{"line":157,"column":6},"end":{"line":159,"column":7}},"type":"if","locations":[{"start":{"line":157,"column":6},"end":{"line":159,"column":7}},{"start":{},"end":{}}],"line":157}},"s":{"0":1,"1":1,"2":1,"3":1,"4":1,"5":1,"6":1,"7":1,"8":1,"9":1,"10":1,"11":1,"12":1,"13":1,"14":1,"15":1,"16":1,"17":1,"18":0,"19":0,"20":0,"21":0,"22":0,"23":0,"24":0,"25":0,"26":0,"27":0,"28":0,"29":0,"30":0,"31":0,"32":1,"33":0,"34":0,"35":0,"36":0,"37":0,"38":0,"39":0,"40":0,"41":0,"42":1,"43":0,"44":0,"45":0,"46":0,"47":0,"48":0,"49":0,"50":1,"51":1},"f":{"0":1,"1":0,"2":0,"3":0},"b":{"0":[0,0],"1":[0,0],"2":[0,0]},"_coverageSchema":"1a1c01bbd47fc00a2c39e90264f33305004495a9","hash":"12017c4d5a2fab9507053d38f6a85c58b8db0597"}
,"C:\\Users\\achfa.ruapensa\\code\\car-rental-be-main\\src\\controllers\\upload\\index.js": {"path":"C:\\Users\\achfa.ruapensa\\code\\car-rental-be-main\\src\\controllers\\upload\\index.js","statementMap":{"0":{"start":{"line":1,"column":23},"end":{"line":1,"column":41}},"1":{"start":{"line":2,"column":16},"end":{"line":2,"column":34}},"2":{"start":{"line":3,"column":25},"end":{"line":3,"column":60}},"3":{"start":{"line":4,"column":21},"end":{"line":4,"column":56}},"4":{"start":{"line":5,"column":15},"end":{"line":5,"column":31}},"5":{"start":{"line":9,"column":4},"end":{"line":9,"column":12}},"6":{"start":{"line":10,"column":4},"end":{"line":10,"column":57}},"7":{"start":{"line":11,"column":4},"end":{"line":11,"column":64}},"8":{"start":{"line":14,"column":11},"end":{"line":56,"column":3}},"9":{"start":{"line":15,"column":4},"end":{"line":55,"column":5}},"10":{"start":{"line":16,"column":23},"end":{"line":16,"column":26}},"11":{"start":{"line":19,"column":26},"end":{"line":26,"column":7}},"12":{"start":{"line":28,"column":6},"end":{"line":30,"column":7}},"13":{"start":{"line":29,"column":8},"end":{"line":29,"column":60}},"14":{"start":{"line":32,"column":25},"end":{"line":32,"column":55}},"15":{"start":{"line":33,"column":26},"end":{"line":33,"column":70}},"16":{"start":{"line":35,"column":25},"end":{"line":37,"column":8}},"17":{"start":{"line":39,"column":6},"end":{"line":52,"column":8}},"18":{"start":{"line":54,"column":6},"end":{"line":54,"column":13}},"19":{"start":{"line":58,"column":15},"end":{"line":89,"column":3}},"20":{"start":{"line":59,"column":4},"end":{"line":88,"column":5}},"21":{"start":{"line":60,"column":23},"end":{"line":60,"column":26}},"22":{"start":{"line":61,"column":26},"end":{"line":68,"column":7}},"23":{"start":{"line":70,"column":6},"end":{"line":72,"column":7}},"24":{"start":{"line":71,"column":8},"end":{"line":71,"column":60}},"25":{"start":{"line":74,"column":24},"end":{"line":74,"column":78}},"26":{"start":{"line":76,"column":6},"end":{"line":85,"column":7}},"27":{"start":{"line":87,"column":6},"end":{"line":87,"column":13}},"28":{"start":{"line":93,"column":0},"end":{"line":93,"column":22}},"29":{"start":{"line":95,"column":0},"end":{"line":95,"column":23}}},"fnMap":{"0":{"name":"(anonymous_0)","decl":{"start":{"line":8,"column":2},"end":{"line":8,"column":3}},"loc":{"start":{"line":8,"column":15},"end":{"line":12,"column":3}},"line":8},"1":{"name":"(anonymous_1)","decl":{"start":{"line":14,"column":11},"end":{"line":14,"column":12}},"loc":{"start":{"line":14,"column":36},"end":{"line":56,"column":3}},"line":14},"2":{"name":"(anonymous_2)","decl":{"start":{"line":58,"column":15},"end":{"line":58,"column":16}},"loc":{"start":{"line":58,"column":40},"end":{"line":89,"column":3}},"line":58}},"branchMap":{"0":{"loc":{"start":{"line":28,"column":6},"end":{"line":30,"column":7}},"type":"if","locations":[{"start":{"line":28,"column":6},"end":{"line":30,"column":7}},{"start":{},"end":{}}],"line":28},"1":{"loc":{"start":{"line":70,"column":6},"end":{"line":72,"column":7}},"type":"if","locations":[{"start":{"line":70,"column":6},"end":{"line":72,"column":7}},{"start":{},"end":{}}],"line":70},"2":{"loc":{"start":{"line":74,"column":24},"end":{"line":74,"column":78}},"type":"binary-expr","locations":[{"start":{"line":74,"column":24},"end":{"line":74,"column":55}},{"start":{"line":74,"column":59},"end":{"line":74,"column":78}}],"line":74}},"s":{"0":1,"1":1,"2":1,"3":1,"4":1,"5":1,"6":1,"7":1,"8":1,"9":0,"10":0,"11":0,"12":0,"13":0,"14":0,"15":0,"16":0,"17":0,"18":0,"19":1,"20":0,"21":0,"22":0,"23":0,"24":0,"25":0,"26":0,"27":0,"28":1,"29":1},"f":{"0":1,"1":0,"2":0},"b":{"0":[0,0],"1":[0,0],"2":[0,0]},"_coverageSchema":"1a1c01bbd47fc00a2c39e90264f33305004495a9","hash":"861ed43024d85ed992e3c10b4f849404afdb5470"}
,"C:\\Users\\achfa.ruapensa\\code\\car-rental-be-main\\src\\controllers\\users\\index.js": {"path":"C:\\Users\\achfa.ruapensa\\code\\car-rental-be-main\\src\\controllers\\users\\index.js","statementMap":{"0":{"start":{"line":1,"column":12},"end":{"line":1,"column":26}},"1":{"start":{"line":3,"column":23},"end":{"line":3,"column":41}},"2":{"start":{"line":4,"column":18},"end":{"line":4,"column":46}},"3":{"start":{"line":5,"column":16},"end":{"line":5,"column":34}},"4":{"start":{"line":6,"column":24},"end":{"line":6,"column":66}},"5":{"start":{"line":7,"column":28},"end":{"line":7,"column":59}},"6":{"start":{"line":8,"column":33},"end":{"line":8,"column":75}},"7":{"start":{"line":9,"column":15},"end":{"line":9,"column":31}},"8":{"start":{"line":11,"column":13},"end":{"line":11,"column":28}},"9":{"start":{"line":13,"column":25},"end":{"line":24,"column":2}},"10":{"start":{"line":26,"column":25},"end":{"line":34,"column":2}},"11":{"start":{"line":38,"column":4},"end":{"line":38,"column":17}},"12":{"start":{"line":39,"column":4},"end":{"line":39,"column":33}},"13":{"start":{"line":40,"column":4},"end":{"line":40,"column":135}},"14":{"start":{"line":41,"column":4},"end":{"line":41,"column":33}},"15":{"start":{"line":42,"column":4},"end":{"line":42,"column":104}},"16":{"start":{"line":43,"column":4},"end":{"line":43,"column":39}},"17":{"start":{"line":46,"column":16},"end":{"line":68,"column":3}},"18":{"start":{"line":47,"column":24},"end":{"line":62,"column":6}},"19":{"start":{"line":64,"column":4},"end":{"line":65,"column":78}},"20":{"start":{"line":65,"column":6},"end":{"line":65,"column":78}},"21":{"start":{"line":67,"column":4},"end":{"line":67,"column":10}},"22":{"start":{"line":70,"column":12},"end":{"line":74,"column":3}},"23":{"start":{"line":71,"column":26},"end":{"line":71,"column":66}},"24":{"start":{"line":72,"column":4},"end":{"line":72,"column":38}},"25":{"start":{"line":73,"column":4},"end":{"line":73,"column":10}},"26":{"start":{"line":77,"column":0},"end":{"line":77,"column":25}},"27":{"start":{"line":79,"column":0},"end":{"line":79,"column":24}}},"fnMap":{"0":{"name":"(anonymous_0)","decl":{"start":{"line":37,"column":2},"end":{"line":37,"column":3}},"loc":{"start":{"line":37,"column":21},"end":{"line":44,"column":3}},"line":37},"1":{"name":"(anonymous_1)","decl":{"start":{"line":46,"column":16},"end":{"line":46,"column":17}},"loc":{"start":{"line":46,"column":42},"end":{"line":68,"column":3}},"line":46},"2":{"name":"(anonymous_2)","decl":{"start":{"line":70,"column":12},"end":{"line":70,"column":13}},"loc":{"start":{"line":70,"column":38},"end":{"line":74,"column":3}},"line":70}},"branchMap":{"0":{"loc":{"start":{"line":64,"column":4},"end":{"line":65,"column":78}},"type":"if","locations":[{"start":{"line":64,"column":4},"end":{"line":65,"column":78}},{"start":{},"end":{}}],"line":64}},"s":{"0":1,"1":1,"2":1,"3":1,"4":1,"5":1,"6":1,"7":1,"8":1,"9":1,"10":1,"11":1,"12":1,"13":1,"14":1,"15":1,"16":1,"17":1,"18":0,"19":0,"20":0,"21":0,"22":1,"23":0,"24":0,"25":0,"26":1,"27":1},"f":{"0":1,"1":0,"2":0},"b":{"0":[0,0]},"_coverageSchema":"1a1c01bbd47fc00a2c39e90264f33305004495a9","hash":"9f1de408dd3cd43c31d373d65a7b4795f7b6fc74"}
,"C:\\Users\\achfa.ruapensa\\code\\car-rental-be-main\\src\\helpers\\bcrypt.js": {"path":"C:\\Users\\achfa.ruapensa\\code\\car-rental-be-main\\src\\helpers\\bcrypt.js","statementMap":{"0":{"start":{"line":1,"column":15},"end":{"line":1,"column":34}},"1":{"start":{"line":2,"column":13},"end":{"line":2,"column":15}},"2":{"start":{"line":11,"column":19},"end":{"line":11,"column":72}},"3":{"start":{"line":12,"column":4},"end":{"line":12,"column":18}},"4":{"start":{"line":23,"column":19},"end":{"line":23,"column":68}},"5":{"start":{"line":24,"column":4},"end":{"line":24,"column":17}},"6":{"start":{"line":27,"column":0},"end":{"line":30,"column":1}}},"fnMap":{"0":{"name":"encryptPassword","decl":{"start":{"line":10,"column":15},"end":{"line":10,"column":30}},"loc":{"start":{"line":10,"column":40},"end":{"line":13,"column":1}},"line":10},"1":{"name":"checkPassword","decl":{"start":{"line":22,"column":16},"end":{"line":22,"column":29}},"loc":{"start":{"line":22,"column":58},"end":{"line":25,"column":1}},"line":22}},"branchMap":{},"s":{"0":1,"1":1,"2":1,"3":1,"4":1,"5":1,"6":1},"f":{"0":1,"1":1},"b":{},"_coverageSchema":"1a1c01bbd47fc00a2c39e90264f33305004495a9","hash":"5ef1fd40e3cddbb85a143628857b3b858bc8afb0"}
,"C:\\Users\\achfa.ruapensa\\code\\car-rental-be-main\\src\\helpers\\cloudinary.js": {"path":"C:\\Users\\achfa.ruapensa\\code\\car-rental-be-main\\src\\helpers\\cloudinary.js","statementMap":{"0":{"start":{"line":1,"column":27},"end":{"line":1,"column":51}},"1":{"start":{"line":3,"column":25},"end":{"line":7,"column":2}},"2":{"start":{"line":9,"column":0},"end":{"line":9,"column":48}}},"fnMap":{},"branchMap":{},"s":{"0":1,"1":1,"2":1},"f":{},"b":{},"_coverageSchema":"1a1c01bbd47fc00a2c39e90264f33305004495a9","hash":"132291ca14b8dd7a3f3d99e94fd6683fe4172bc8"}
,"C:\\Users\\achfa.ruapensa\\code\\car-rental-be-main\\src\\helpers\\createInvoice.js": {"path":"C:\\Users\\achfa.ruapensa\\code\\car-rental-be-main\\src\\helpers\\createInvoice.js","statementMap":{"0":{"start":{"line":1,"column":11},"end":{"line":1,"column":24}},"1":{"start":{"line":2,"column":20},"end":{"line":2,"column":37}},"2":{"start":{"line":3,"column":13},"end":{"line":3,"column":28}},"3":{"start":{"line":6,"column":12},"end":{"line":6,"column":55}},"4":{"start":{"line":8,"column":2},"end":{"line":8,"column":22}},"5":{"start":{"line":9,"column":2},"end":{"line":9,"column":44}},"6":{"start":{"line":10,"column":2},"end":{"line":10,"column":37}},"7":{"start":{"line":11,"column":2},"end":{"line":11,"column":22}},"8":{"start":{"line":13,"column":2},"end":{"line":13,"column":12}},"9":{"start":{"line":14,"column":2},"end":{"line":14,"column":16}},"10":{"start":{"line":18,"column":2},"end":{"line":27,"column":16}},"11":{"start":{"line":31,"column":2},"end":{"line":34,"column":30}},"12":{"start":{"line":36,"column":2},"end":{"line":36,"column":23}},"13":{"start":{"line":38,"column":33},"end":{"line":38,"column":36}},"14":{"start":{"line":40,"column":2},"end":{"line":59,"column":16}},"15":{"start":{"line":61,"column":2},"end":{"line":61,"column":23}},"16":{"start":{"line":65,"column":26},"end":{"line":65,"column":29}},"17":{"start":{"line":67,"column":2},"end":{"line":67,"column":29}},"18":{"start":{"line":68,"column":2},"end":{"line":76,"column":4}},"19":{"start":{"line":77,"column":2},"end":{"line":77,"column":40}},"20":{"start":{"line":78,"column":2},"end":{"line":78,"column":24}},"21":{"start":{"line":80,"column":19},"end":{"line":80,"column":43}},"22":{"start":{"line":81,"column":2},"end":{"line":89,"column":4}},"23":{"start":{"line":91,"column":2},"end":{"line":91,"column":33}},"24":{"start":{"line":93,"column":27},"end":{"line":93,"column":51}},"25":{"start":{"line":94,"column":2},"end":{"line":102,"column":4}},"26":{"start":{"line":130,"column":2},"end":{"line":137,"column":6}},"27":{"start":{"line":149,"column":2},"end":{"line":155,"column":47}},"28":{"start":{"line":159,"column":2},"end":{"line":164,"column":14}},"29":{"start":{"line":168,"column":25},"end":{"line":171,"column":4}},"30":{"start":{"line":173,"column":2},"end":{"line":173,"column":37}},"31":{"start":{"line":177,"column":14},"end":{"line":177,"column":28}},"32":{"start":{"line":178,"column":16},"end":{"line":178,"column":35}},"33":{"start":{"line":179,"column":15},"end":{"line":179,"column":33}},"34":{"start":{"line":181,"column":2},"end":{"line":181,"column":40}},"35":{"start":{"line":184,"column":0},"end":{"line":186,"column":2}}},"fnMap":{"0":{"name":"createInvoice","decl":{"start":{"line":5,"column":9},"end":{"line":5,"column":22}},"loc":{"start":{"line":5,"column":37},"end":{"line":15,"column":1}},"line":5},"1":{"name":"generateHeader","decl":{"start":{"line":17,"column":9},"end":{"line":17,"column":23}},"loc":{"start":{"line":17,"column":29},"end":{"line":28,"column":1}},"line":17},"2":{"name":"generateCustomerInformation","decl":{"start":{"line":30,"column":9},"end":{"line":30,"column":36}},"loc":{"start":{"line":30,"column":51},"end":{"line":62,"column":1}},"line":30},"3":{"name":"generateInvoiceTable","decl":{"start":{"line":64,"column":9},"end":{"line":64,"column":29}},"loc":{"start":{"line":64,"column":44},"end":{"line":127,"column":1}},"line":64},"4":{"name":"generateFooter","decl":{"start":{"line":129,"column":9},"end":{"line":129,"column":23}},"loc":{"start":{"line":129,"column":29},"end":{"line":138,"column":1}},"line":129},"5":{"name":"generateTableRow","decl":{"start":{"line":140,"column":9},"end":{"line":140,"column":25}},"loc":{"start":{"line":148,"column":2},"end":{"line":156,"column":1}},"line":148},"6":{"name":"generateHr","decl":{"start":{"line":158,"column":9},"end":{"line":158,"column":19}},"loc":{"start":{"line":158,"column":28},"end":{"line":165,"column":1}},"line":158},"7":{"name":"formatCurrency","decl":{"start":{"line":167,"column":9},"end":{"line":167,"column":23}},"loc":{"start":{"line":167,"column":31},"end":{"line":174,"column":1}},"line":167},"8":{"name":"formatDate","decl":{"start":{"line":176,"column":9},"end":{"line":176,"column":19}},"loc":{"start":{"line":176,"column":26},"end":{"line":182,"column":1}},"line":176}},"branchMap":{},"s":{"0":1,"1":1,"2":1,"3":0,"4":0,"5":0,"6":0,"7":0,"8":0,"9":0,"10":0,"11":0,"12":0,"13":0,"14":0,"15":0,"16":0,"17":0,"18":0,"19":0,"20":0,"21":0,"22":0,"23":0,"24":0,"25":0,"26":0,"27":0,"28":0,"29":0,"30":0,"31":0,"32":0,"33":0,"34":0,"35":1},"f":{"0":0,"1":0,"2":0,"3":0,"4":0,"5":0,"6":0,"7":0,"8":0},"b":{},"_coverageSchema":"1a1c01bbd47fc00a2c39e90264f33305004495a9","hash":"11b21f843ecdad8e99cba44c464fc392f46ff772"}
,"C:\\Users\\achfa.ruapensa\\code\\car-rental-be-main\\src\\helpers\\jwt.js": {"path":"C:\\Users\\achfa.ruapensa\\code\\car-rental-be-main\\src\\helpers\\jwt.js","statementMap":{"0":{"start":{"line":1,"column":12},"end":{"line":1,"column":35}},"1":{"start":{"line":2,"column":19},"end":{"line":2,"column":30}},"2":{"start":{"line":12,"column":2},"end":{"line":12,"column":59}},"3":{"start":{"line":22,"column":2},"end":{"line":22,"column":35}},"4":{"start":{"line":25,"column":0},"end":{"line":28,"column":2}}},"fnMap":{"0":{"name":"createToken","decl":{"start":{"line":11,"column":9},"end":{"line":11,"column":20}},"loc":{"start":{"line":11,"column":30},"end":{"line":13,"column":1}},"line":11},"1":{"name":"verifyToken","decl":{"start":{"line":21,"column":9},"end":{"line":21,"column":20}},"loc":{"start":{"line":21,"column":28},"end":{"line":23,"column":1}},"line":21}},"branchMap":{},"s":{"0":1,"1":1,"2":1,"3":0,"4":1},"f":{"0":1,"1":0},"b":{},"_coverageSchema":"1a1c01bbd47fc00a2c39e90264f33305004495a9","hash":"07159a76cdc675eb7e04cc9d9552737f66ff109a"}
,"C:\\Users\\achfa.ruapensa\\code\\car-rental-be-main\\src\\helpers\\xlsx.js": {"path":"C:\\Users\\achfa.ruapensa\\code\\car-rental-be-main\\src\\helpers\\xlsx.js","statementMap":{"0":{"start":{"line":1,"column":11},"end":{"line":1,"column":26}},"1":{"start":{"line":4,"column":11},"end":{"line":4,"column":41}},"2":{"start":{"line":5,"column":11},"end":{"line":5,"column":32}},"3":{"start":{"line":7,"column":2},"end":{"line":7,"column":46}},"4":{"start":{"line":9,"column":12},"end":{"line":9,"column":62}},"5":{"start":{"line":11,"column":2},"end":{"line":11,"column":46}},"6":{"start":{"line":12,"column":2},"end":{"line":12,"column":34}},"7":{"start":{"line":16,"column":19},"end":{"line":16,"column":42}},"8":{"start":{"line":17,"column":15},"end":{"line":17,"column":80}},"9":{"start":{"line":18,"column":2},"end":{"line":18,"column":13}},"10":{"start":{"line":21,"column":0},"end":{"line":21,"column":43}}},"fnMap":{"0":{"name":"generateXLSX","decl":{"start":{"line":3,"column":9},"end":{"line":3,"column":21}},"loc":{"start":{"line":3,"column":39},"end":{"line":13,"column":1}},"line":3},"1":{"name":"readXLSX","decl":{"start":{"line":15,"column":9},"end":{"line":15,"column":17}},"loc":{"start":{"line":15,"column":24},"end":{"line":19,"column":1}},"line":15}},"branchMap":{},"s":{"0":1,"1":0,"2":0,"3":0,"4":0,"5":0,"6":0,"7":0,"8":0,"9":0,"10":1},"f":{"0":0,"1":0},"b":{},"_coverageSchema":"1a1c01bbd47fc00a2c39e90264f33305004495a9","hash":"573eee12eabc53013a58ce3fd1ae8335c585c431"}
,"C:\\Users\\achfa.ruapensa\\code\\car-rental-be-main\\src\\helpers\\errors\\base.js": {"path":"C:\\Users\\achfa.ruapensa\\code\\car-rental-be-main\\src\\helpers\\errors\\base.js","statementMap":{"0":{"start":{"line":3,"column":6},"end":{"line":3,"column":14}},"1":{"start":{"line":4,"column":6},"end":{"line":4,"column":35}},"2":{"start":{"line":5,"column":6},"end":{"line":5,"column":29}},"3":{"start":{"line":9,"column":2},"end":{"line":9,"column":28}}},"fnMap":{"0":{"name":"(anonymous_0)","decl":{"start":{"line":2,"column":4},"end":{"line":2,"column":5}},"loc":{"start":{"line":2,"column":37},"end":{"line":6,"column":5}},"line":2}},"branchMap":{},"s":{"0":0,"1":0,"2":0,"3":1},"f":{"0":0},"b":{},"_coverageSchema":"1a1c01bbd47fc00a2c39e90264f33305004495a9","hash":"ac20622153f99a8be160ec9adbf1ed19e81d381f"}
,"C:\\Users\\achfa.ruapensa\\code\\car-rental-be-main\\src\\helpers\\errors\\index.js": {"path":"C:\\Users\\achfa.ruapensa\\code\\car-rental-be-main\\src\\helpers\\errors\\index.js","statementMap":{"0":{"start":{"line":2,"column":0},"end":{"line":2,"column":36}},"1":{"start":{"line":3,"column":0},"end":{"line":3,"column":48}},"2":{"start":{"line":4,"column":0},"end":{"line":4,"column":44}},"3":{"start":{"line":5,"column":0},"end":{"line":5,"column":40}}},"fnMap":{},"branchMap":{},"s":{"0":1,"1":1,"2":1,"3":1},"f":{},"b":{},"_coverageSchema":"1a1c01bbd47fc00a2c39e90264f33305004495a9","hash":"8cb3c601de9574b6b6322004fd54c0edeb621744"}
,"C:\\Users\\achfa.ruapensa\\code\\car-rental-be-main\\src\\helpers\\errors\\notFound.js": {"path":"C:\\Users\\achfa.ruapensa\\code\\car-rental-be-main\\src\\helpers\\errors\\notFound.js","statementMap":{"0":{"start":{"line":3,"column":6},"end":{"line":3,"column":14}},"1":{"start":{"line":4,"column":6},"end":{"line":4,"column":29}},"2":{"start":{"line":5,"column":6},"end":{"line":5,"column":28}},"3":{"start":{"line":6,"column":6},"end":{"line":6,"column":34}},"4":{"start":{"line":10,"column":2},"end":{"line":10,"column":32}}},"fnMap":{"0":{"name":"(anonymous_0)","decl":{"start":{"line":2,"column":4},"end":{"line":2,"column":5}},"loc":{"start":{"line":2,"column":44},"end":{"line":7,"column":5}},"line":2}},"branchMap":{"0":{"loc":{"start":{"line":2,"column":21},"end":{"line":2,"column":42}},"type":"default-arg","locations":[{"start":{"line":2,"column":31},"end":{"line":2,"column":42}}],"line":2},"1":{"loc":{"start":{"line":6,"column":19},"end":{"line":6,"column":33}},"type":"binary-expr","locations":[{"start":{"line":6,"column":19},"end":{"line":6,"column":22}},{"start":{"line":6,"column":26},"end":{"line":6,"column":33}}],"line":6}},"s":{"0":0,"1":0,"2":0,"3":0,"4":1},"f":{"0":0},"b":{"0":[0],"1":[0,0]},"_coverageSchema":"1a1c01bbd47fc00a2c39e90264f33305004495a9","hash":"e3090e764f9aada1c96665426b0b7e2936d16609"}
,"C:\\Users\\achfa.ruapensa\\code\\car-rental-be-main\\src\\helpers\\errors\\server.js": {"path":"C:\\Users\\achfa.ruapensa\\code\\car-rental-be-main\\src\\helpers\\errors\\server.js","statementMap":{"0":{"start":{"line":3,"column":6},"end":{"line":3,"column":14}},"1":{"start":{"line":4,"column":6},"end":{"line":4,"column":28}},"2":{"start":{"line":6,"column":6},"end":{"line":6,"column":45}},"3":{"start":{"line":7,"column":6},"end":{"line":7,"column":27}},"4":{"start":{"line":11,"column":2},"end":{"line":11,"column":30}}},"fnMap":{"0":{"name":"(anonymous_0)","decl":{"start":{"line":2,"column":4},"end":{"line":2,"column":5}},"loc":{"start":{"line":2,"column":51},"end":{"line":8,"column":5}},"line":2}},"branchMap":{"0":{"loc":{"start":{"line":2,"column":16},"end":{"line":2,"column":49}},"type":"default-arg","locations":[{"start":{"line":2,"column":26},"end":{"line":2,"column":49}}],"line":2}},"s":{"0":0,"1":0,"2":0,"3":0,"4":1},"f":{"0":0},"b":{"0":[0]},"_coverageSchema":"1a1c01bbd47fc00a2c39e90264f33305004495a9","hash":"d72e3b6eeb8795d72bb943aaf17d8b120b308d86"}
,"C:\\Users\\achfa.ruapensa\\code\\car-rental-be-main\\src\\helpers\\errors\\validation.js": {"path":"C:\\Users\\achfa.ruapensa\\code\\car-rental-be-main\\src\\helpers\\errors\\validation.js","statementMap":{"0":{"start":{"line":3,"column":6},"end":{"line":3,"column":14}},"1":{"start":{"line":4,"column":6},"end":{"line":4,"column":28}},"2":{"start":{"line":5,"column":6},"end":{"line":5,"column":29}},"3":{"start":{"line":9,"column":2},"end":{"line":9,"column":34}}},"fnMap":{"0":{"name":"(anonymous_0)","decl":{"start":{"line":2,"column":4},"end":{"line":2,"column":5}},"loc":{"start":{"line":2,"column":46},"end":{"line":6,"column":5}},"line":2}},"branchMap":{"0":{"loc":{"start":{"line":2,"column":16},"end":{"line":2,"column":44}},"type":"default-arg","locations":[{"start":{"line":2,"column":26},"end":{"line":2,"column":44}}],"line":2}},"s":{"0":0,"1":0,"2":0,"3":1},"f":{"0":0},"b":{"0":[0]},"_coverageSchema":"1a1c01bbd47fc00a2c39e90264f33305004495a9","hash":"a186f86b538bbf99f7d85692963c330eb842861f"}
,"C:\\Users\\achfa.ruapensa\\code\\car-rental-be-main\\src\\middlewares\\authorization.js": {"path":"C:\\Users\\achfa.ruapensa\\code\\car-rental-be-main\\src\\middlewares\\authorization.js","statementMap":{"0":{"start":{"line":1,"column":22},"end":{"line":1,"column":47}},"1":{"start":{"line":2,"column":18},"end":{"line":2,"column":43}},"2":{"start":{"line":3,"column":13},"end":{"line":3,"column":28}},"3":{"start":{"line":6,"column":4},"end":{"line":17,"column":5}},"4":{"start":{"line":7,"column":28},"end":{"line":7,"column":53}},"5":{"start":{"line":8,"column":8},"end":{"line":8,"column":80}},"6":{"start":{"line":8,"column":25},"end":{"line":8,"column":80}},"7":{"start":{"line":9,"column":22},"end":{"line":9,"column":47}},"8":{"start":{"line":10,"column":24},"end":{"line":10,"column":42}},"9":{"start":{"line":12,"column":8},"end":{"line":12,"column":49}},"10":{"start":{"line":13,"column":8},"end":{"line":13,"column":15}},"11":{"start":{"line":15,"column":8},"end":{"line":15,"column":22}},"12":{"start":{"line":16,"column":8},"end":{"line":16,"column":16}},"13":{"start":{"line":21,"column":4},"end":{"line":25,"column":5}},"14":{"start":{"line":22,"column":8},"end":{"line":23,"column":64}},"15":{"start":{"line":23,"column":12},"end":{"line":23,"column":64}},"16":{"start":{"line":24,"column":8},"end":{"line":24,"column":15}},"17":{"start":{"line":28,"column":0},"end":{"line":30,"column":1}}},"fnMap":{"0":{"name":"authorize","decl":{"start":{"line":5,"column":15},"end":{"line":5,"column":24}},"loc":{"start":{"line":5,"column":41},"end":{"line":18,"column":1}},"line":5},"1":{"name":"checkRole","decl":{"start":{"line":20,"column":9},"end":{"line":20,"column":18}},"loc":{"start":{"line":20,"column":25},"end":{"line":26,"column":1}},"line":20},"2":{"name":"(anonymous_2)","decl":{"start":{"line":21,"column":11},"end":{"line":21,"column":12}},"loc":{"start":{"line":21,"column":31},"end":{"line":25,"column":5}},"line":21}},"branchMap":{"0":{"loc":{"start":{"line":8,"column":8},"end":{"line":8,"column":80}},"type":"if","locations":[{"start":{"line":8,"column":8},"end":{"line":8,"column":80}},{"start":{},"end":{}}],"line":8},"1":{"loc":{"start":{"line":22,"column":8},"end":{"line":23,"column":64}},"type":"if","locations":[{"start":{"line":22,"column":8},"end":{"line":23,"column":64}},{"start":{},"end":{}}],"line":22}},"s":{"0":1,"1":1,"2":1,"3":0,"4":0,"5":0,"6":0,"7":0,"8":0,"9":0,"10":0,"11":0,"12":0,"13":2,"14":0,"15":0,"16":0,"17":1},"f":{"0":0,"1":2,"2":0},"b":{"0":[0,0],"1":[0,0]},"_coverageSchema":"1a1c01bbd47fc00a2c39e90264f33305004495a9","hash":"2889a2e8442133f9dd3f38f5626e12f4d2847d1e"}
,"C:\\Users\\achfa.ruapensa\\code\\car-rental-be-main\\src\\middlewares\\errorHandler.js": {"path":"C:\\Users\\achfa.ruapensa\\code\\car-rental-be-main\\src\\middlewares\\errorHandler.js","statementMap":{"0":{"start":{"line":2,"column":4},"end":{"line":2,"column":36}},"1":{"start":{"line":5,"column":42},"end":{"line":5,"column":45}},"2":{"start":{"line":10,"column":4},"end":{"line":14,"column":7}},"3":{"start":{"line":17,"column":2},"end":{"line":17,"column":31}}},"fnMap":{"0":{"name":"errorHandler","decl":{"start":{"line":1,"column":9},"end":{"line":1,"column":21}},"loc":{"start":{"line":1,"column":43},"end":{"line":15,"column":3}},"line":1}},"branchMap":{"0":{"loc":{"start":{"line":2,"column":18},"end":{"line":2,"column":34}},"type":"binary-expr","locations":[{"start":{"line":2,"column":18},"end":{"line":2,"column":27}},{"start":{"line":2,"column":31},"end":{"line":2,"column":34}}],"line":2},"1":{"loc":{"start":{"line":5,"column":12},"end":{"line":5,"column":28}},"type":"default-arg","locations":[{"start":{"line":5,"column":25},"end":{"line":5,"column":28}}],"line":5}},"s":{"0":0,"1":0,"2":0,"3":1},"f":{"0":0},"b":{"0":[0,0],"1":[0]},"_coverageSchema":"1a1c01bbd47fc00a2c39e90264f33305004495a9","hash":"83242b12d54c5a059a0d1d6eb94c9b14107d960c"}
,"C:\\Users\\achfa.ruapensa\\code\\car-rental-be-main\\src\\middlewares\\rbac.js": {"path":"C:\\Users\\achfa.ruapensa\\code\\car-rental-be-main\\src\\middlewares\\rbac.js","statementMap":{"0":{"start":{"line":4,"column":20},"end":{"line":4,"column":47}},"1":{"start":{"line":5,"column":15},"end":{"line":5,"column":32}},"2":{"start":{"line":8,"column":2},"end":{"line":34,"column":4}},"3":{"start":{"line":9,"column":20},"end":{"line":9,"column":36}},"4":{"start":{"line":10,"column":4},"end":{"line":10,"column":37}},"5":{"start":{"line":10,"column":23},"end":{"line":10,"column":37}},"6":{"start":{"line":17,"column":25},"end":{"line":30,"column":6}},"7":{"start":{"line":31,"column":4},"end":{"line":31,"column":30}},"8":{"start":{"line":32,"column":4},"end":{"line":32,"column":69}},"9":{"start":{"line":32,"column":23},"end":{"line":32,"column":69}},"10":{"start":{"line":33,"column":4},"end":{"line":33,"column":11}},"11":{"start":{"line":37,"column":0},"end":{"line":37,"column":22}}},"fnMap":{"0":{"name":"rbac","decl":{"start":{"line":7,"column":9},"end":{"line":7,"column":13}},"loc":{"start":{"line":7,"column":38},"end":{"line":35,"column":1}},"line":7},"1":{"name":"(anonymous_1)","decl":{"start":{"line":8,"column":9},"end":{"line":8,"column":10}},"loc":{"start":{"line":8,"column":35},"end":{"line":34,"column":3}},"line":8}},"branchMap":{"0":{"loc":{"start":{"line":10,"column":4},"end":{"line":10,"column":37}},"type":"if","locations":[{"start":{"line":10,"column":4},"end":{"line":10,"column":37}},{"start":{},"end":{}}],"line":10},"1":{"loc":{"start":{"line":32,"column":4},"end":{"line":32,"column":69}},"type":"if","locations":[{"start":{"line":32,"column":4},"end":{"line":32,"column":69}},{"start":{},"end":{}}],"line":32}},"s":{"0":1,"1":1,"2":2,"3":0,"4":0,"5":0,"6":0,"7":0,"8":0,"9":0,"10":0,"11":1},"f":{"0":2,"1":0},"b":{"0":[0,0],"1":[0,0]},"_coverageSchema":"1a1c01bbd47fc00a2c39e90264f33305004495a9","hash":"18499492cdde359f026404f4dce29fd5b90cbe61"}
,"C:\\Users\\achfa.ruapensa\\code\\car-rental-be-main\\src\\middlewares\\upload.js": {"path":"C:\\Users\\achfa.ruapensa\\code\\car-rental-be-main\\src\\middlewares\\upload.js","statementMap":{"0":{"start":{"line":1,"column":15},"end":{"line":1,"column":32}},"1":{"start":{"line":2,"column":13},"end":{"line":2,"column":28}},"2":{"start":{"line":4,"column":18},"end":{"line":4,"column":54}},"3":{"start":{"line":5,"column":19},"end":{"line":5,"column":50}},"4":{"start":{"line":7,"column":22},"end":{"line":7,"column":44}},"5":{"start":{"line":8,"column":20},"end":{"line":17,"column":2}},"6":{"start":{"line":10,"column":4},"end":{"line":10,"column":24}},"7":{"start":{"line":13,"column":4},"end":{"line":13,"column":21}},"8":{"start":{"line":14,"column":25},"end":{"line":14,"column":75}},"9":{"start":{"line":15,"column":4},"end":{"line":15,"column":83}},"10":{"start":{"line":19,"column":0},"end":{"line":22,"column":1}}},"fnMap":{"0":{"name":"(anonymous_0)","decl":{"start":{"line":9,"column":15},"end":{"line":9,"column":16}},"loc":{"start":{"line":9,"column":40},"end":{"line":11,"column":3}},"line":9},"1":{"name":"(anonymous_1)","decl":{"start":{"line":12,"column":12},"end":{"line":12,"column":13}},"loc":{"start":{"line":12,"column":37},"end":{"line":16,"column":3}},"line":12}},"branchMap":{},"s":{"0":1,"1":1,"2":1,"3":1,"4":1,"5":1,"6":0,"7":0,"8":0,"9":0,"10":1},"f":{"0":0,"1":0},"b":{},"_coverageSchema":"1a1c01bbd47fc00a2c39e90264f33305004495a9","hash":"e807681902d6eb2c3b170eea00cb97cf0b68e9d3"}
,"C:\\Users\\achfa.ruapensa\\code\\car-rental-be-main\\src\\middlewares\\validation.js": {"path":"C:\\Users\\achfa.ruapensa\\code\\car-rental-be-main\\src\\middlewares\\validation.js","statementMap":{"0":{"start":{"line":2,"column":4},"end":{"line":22,"column":5}},"1":{"start":{"line":3,"column":6},"end":{"line":21,"column":7}},"2":{"start":{"line":4,"column":22},"end":{"line":6,"column":34}},"3":{"start":{"line":7,"column":8},"end":{"line":9,"column":9}},"4":{"start":{"line":8,"column":10},"end":{"line":8,"column":46}},"5":{"start":{"line":11,"column":8},"end":{"line":11,"column":15}},"6":{"start":{"line":13,"column":23},"end":{"line":17,"column":10}},"7":{"start":{"line":14,"column":34},"end":{"line":14,"column":38}},"8":{"start":{"line":15,"column":23},"end":{"line":15,"column":42}},"9":{"start":{"line":16,"column":10},"end":{"line":16,"column":38}},"10":{"start":{"line":18,"column":8},"end":{"line":18,"column":27}},"11":{"start":{"line":20,"column":8},"end":{"line":20,"column":41}},"12":{"start":{"line":25,"column":2},"end":{"line":25,"column":30}}},"fnMap":{"0":{"name":"validation","decl":{"start":{"line":1,"column":9},"end":{"line":1,"column":19}},"loc":{"start":{"line":1,"column":27},"end":{"line":23,"column":3}},"line":1},"1":{"name":"(anonymous_1)","decl":{"start":{"line":2,"column":11},"end":{"line":2,"column":12}},"loc":{"start":{"line":2,"column":42},"end":{"line":22,"column":5}},"line":2},"2":{"name":"(anonymous_2)","decl":{"start":{"line":13,"column":40},"end":{"line":13,"column":41}},"loc":{"start":{"line":13,"column":48},"end":{"line":17,"column":9}},"line":13}},"branchMap":{"0":{"loc":{"start":{"line":7,"column":8},"end":{"line":9,"column":9}},"type":"if","locations":[{"start":{"line":7,"column":8},"end":{"line":9,"column":9}},{"start":{},"end":{}}],"line":7}},"s":{"0":7,"1":2,"2":2,"3":2,"4":0,"5":2,"6":0,"7":0,"8":0,"9":0,"10":0,"11":0,"12":1},"f":{"0":7,"1":2,"2":0},"b":{"0":[0,2]},"_coverageSchema":"1a1c01bbd47fc00a2c39e90264f33305004495a9","hash":"51377c11f19a34dfa3694a1a5823f06b08396a07"}
,"C:\\Users\\achfa.ruapensa\\code\\car-rental-be-main\\src\\models\\access.js": {"path":"C:\\Users\\achfa.ruapensa\\code\\car-rental-be-main\\src\\models\\access.js","statementMap":{"0":{"start":{"line":1,"column":18},"end":{"line":1,"column":35}},"1":{"start":{"line":6,"column":4},"end":{"line":6,"column":20}},"2":{"start":{"line":7,"column":4},"end":{"line":13,"column":6}},"3":{"start":{"line":17,"column":0},"end":{"line":17,"column":28}}},"fnMap":{"0":{"name":"(anonymous_0)","decl":{"start":{"line":5,"column":2},"end":{"line":5,"column":3}},"loc":{"start":{"line":5,"column":16},"end":{"line":14,"column":3}},"line":5}},"branchMap":{},"s":{"0":1,"1":1,"2":1,"3":1},"f":{"0":1},"b":{},"_coverageSchema":"1a1c01bbd47fc00a2c39e90264f33305004495a9","hash":"455e60b29ad61a753b371f777a0f1fe06a837954"}
,"C:\\Users\\achfa.ruapensa\\code\\car-rental-be-main\\src\\models\\base.js": {"path":"C:\\Users\\achfa.ruapensa\\code\\car-rental-be-main\\src\\models\\base.js","statementMap":{"0":{"start":{"line":1,"column":25},"end":{"line":1,"column":50}},"1":{"start":{"line":2,"column":15},"end":{"line":2,"column":33}},"2":{"start":{"line":8,"column":4},"end":{"line":8,"column":21}},"3":{"start":{"line":9,"column":4},"end":{"line":9,"column":31}},"4":{"start":{"line":12,"column":8},"end":{"line":33,"column":3}},"5":{"start":{"line":13,"column":74},"end":{"line":13,"column":75}},"6":{"start":{"line":14,"column":18},"end":{"line":22,"column":5}},"7":{"start":{"line":24,"column":31},"end":{"line":27,"column":6}},"8":{"start":{"line":29,"column":4},"end":{"line":32,"column":6}},"9":{"start":{"line":35,"column":12},"end":{"line":37,"column":3}},"10":{"start":{"line":36,"column":4},"end":{"line":36,"column":72}},"11":{"start":{"line":39,"column":11},"end":{"line":41,"column":3}},"12":{"start":{"line":40,"column":4},"end":{"line":40,"column":39}},"13":{"start":{"line":43,"column":8},"end":{"line":45,"column":3}},"14":{"start":{"line":44,"column":4},"end":{"line":44,"column":39}},"15":{"start":{"line":47,"column":12},"end":{"line":49,"column":3}},"16":{"start":{"line":48,"column":4},"end":{"line":48,"column":43}},"17":{"start":{"line":51,"column":11},"end":{"line":56,"column":3}},"18":{"start":{"line":52,"column":4},"end":{"line":55,"column":7}},"19":{"start":{"line":58,"column":11},"end":{"line":62,"column":3}},"20":{"start":{"line":59,"column":4},"end":{"line":61,"column":7}},"21":{"start":{"line":64,"column":10},"end":{"line":66,"column":3}},"22":{"start":{"line":65,"column":4},"end":{"line":65,"column":37}},"23":{"start":{"line":68,"column":16},"end":{"line":70,"column":3}},"24":{"start":{"line":69,"column":4},"end":{"line":69,"column":37}},"25":{"start":{"line":73,"column":0},"end":{"line":73,"column":27}}},"fnMap":{"0":{"name":"(anonymous_0)","decl":{"start":{"line":7,"column":2},"end":{"line":7,"column":3}},"loc":{"start":{"line":7,"column":21},"end":{"line":10,"column":3}},"line":7},"1":{"name":"(anonymous_1)","decl":{"start":{"line":12,"column":8},"end":{"line":12,"column":9}},"loc":{"start":{"line":12,"column":64},"end":{"line":33,"column":3}},"line":12},"2":{"name":"(anonymous_2)","decl":{"start":{"line":35,"column":12},"end":{"line":35,"column":13}},"loc":{"start":{"line":35,"column":34},"end":{"line":37,"column":3}},"line":35},"3":{"name":"(anonymous_3)","decl":{"start":{"line":39,"column":11},"end":{"line":39,"column":12}},"loc":{"start":{"line":39,"column":28},"end":{"line":41,"column":3}},"line":39},"4":{"name":"(anonymous_4)","decl":{"start":{"line":43,"column":8},"end":{"line":43,"column":9}},"loc":{"start":{"line":43,"column":18},"end":{"line":45,"column":3}},"line":43},"5":{"name":"(anonymous_5)","decl":{"start":{"line":47,"column":12},"end":{"line":47,"column":13}},"loc":{"start":{"line":47,"column":22},"end":{"line":49,"column":3}},"line":47},"6":{"name":"(anonymous_6)","decl":{"start":{"line":51,"column":11},"end":{"line":51,"column":12}},"loc":{"start":{"line":51,"column":25},"end":{"line":56,"column":3}},"line":51},"7":{"name":"(anonymous_7)","decl":{"start":{"line":58,"column":11},"end":{"line":58,"column":12}},"loc":{"start":{"line":58,"column":25},"end":{"line":62,"column":3}},"line":58},"8":{"name":"(anonymous_8)","decl":{"start":{"line":64,"column":10},"end":{"line":64,"column":11}},"loc":{"start":{"line":64,"column":27},"end":{"line":66,"column":3}},"line":64},"9":{"name":"(anonymous_9)","decl":{"start":{"line":68,"column":16},"end":{"line":68,"column":17}},"loc":{"start":{"line":68,"column":32},"end":{"line":70,"column":3}},"line":68}},"branchMap":{"0":{"loc":{"start":{"line":12,"column":17},"end":{"line":12,"column":27}},"type":"default-arg","locations":[{"start":{"line":12,"column":25},"end":{"line":12,"column":27}}],"line":12},"1":{"loc":{"start":{"line":12,"column":29},"end":{"line":12,"column":35}},"type":"default-arg","locations":[{"start":{"line":12,"column":33},"end":{"line":12,"column":35}}],"line":12},"2":{"loc":{"start":{"line":12,"column":37},"end":{"line":12,"column":57}},"type":"default-arg","locations":[{"start":{"line":12,"column":46},"end":{"line":12,"column":57}}],"line":12},"3":{"loc":{"start":{"line":13,"column":12},"end":{"line":13,"column":32}},"type":"default-arg","locations":[{"start":{"line":13,"column":21},"end":{"line":13,"column":32}}],"line":13},"4":{"loc":{"start":{"line":13,"column":34},"end":{"line":13,"column":47}},"type":"default-arg","locations":[{"start":{"line":13,"column":41},"end":{"line":13,"column":47}}],"line":13},"5":{"loc":{"start":{"line":13,"column":49},"end":{"line":13,"column":57}},"type":"default-arg","locations":[{"start":{"line":13,"column":56},"end":{"line":13,"column":57}}],"line":13},"6":{"loc":{"start":{"line":13,"column":59},"end":{"line":13,"column":69}},"type":"default-arg","locations":[{"start":{"line":13,"column":67},"end":{"line":13,"column":69}}],"line":13}},"s":{"0":1,"1":1,"2":7,"3":7,"4":7,"5":0,"6":0,"7":0,"8":0,"9":7,"10":0,"11":7,"12":2,"13":7,"14":1,"15":7,"16":0,"17":7,"18":0,"19":7,"20":0,"21":7,"22":0,"23":7,"24":0,"25":1},"f":{"0":7,"1":0,"2":0,"3":2,"4":1,"5":0,"6":0,"7":0,"8":0,"9":0},"b":{"0":[0],"1":[0],"2":[0],"3":[0],"4":[0],"5":[0],"6":[0]},"_coverageSchema":"1a1c01bbd47fc00a2c39e90264f33305004495a9","hash":"a1f8c635bbf50900ac2eb61f03746e9039a5f612"}
,"C:\\Users\\achfa.ruapensa\\code\\car-rental-be-main\\src\\models\\cars.js": {"path":"C:\\Users\\achfa.ruapensa\\code\\car-rental-be-main\\src\\models\\cars.js","statementMap":{"0":{"start":{"line":1,"column":18},"end":{"line":1,"column":35}},"1":{"start":{"line":6,"column":4},"end":{"line":6,"column":18}},"2":{"start":{"line":7,"column":4},"end":{"line":14,"column":6}},"3":{"start":{"line":18,"column":0},"end":{"line":18,"column":25}}},"fnMap":{"0":{"name":"(anonymous_0)","decl":{"start":{"line":5,"column":2},"end":{"line":5,"column":3}},"loc":{"start":{"line":5,"column":16},"end":{"line":15,"column":3}},"line":5}},"branchMap":{},"s":{"0":1,"1":2,"2":2,"3":1},"f":{"0":2},"b":{},"_coverageSchema":"1a1c01bbd47fc00a2c39e90264f33305004495a9","hash":"b8e8284a5362736de3d41b712ec7b65e9450f0df"}
,"C:\\Users\\achfa.ruapensa\\code\\car-rental-be-main\\src\\models\\order.js": {"path":"C:\\Users\\achfa.ruapensa\\code\\car-rental-be-main\\src\\models\\order.js","statementMap":{"0":{"start":{"line":1,"column":18},"end":{"line":1,"column":35}},"1":{"start":{"line":6,"column":4},"end":{"line":6,"column":20}},"2":{"start":{"line":7,"column":4},"end":{"line":17,"column":6}},"3":{"start":{"line":21,"column":0},"end":{"line":21,"column":27}}},"fnMap":{"0":{"name":"(anonymous_0)","decl":{"start":{"line":5,"column":2},"end":{"line":5,"column":3}},"loc":{"start":{"line":5,"column":16},"end":{"line":18,"column":3}},"line":5}},"branchMap":{},"s":{"0":1,"1":1,"2":1,"3":1},"f":{"0":1},"b":{},"_coverageSchema":"1a1c01bbd47fc00a2c39e90264f33305004495a9","hash":"dd3893170de805cf2ad10d5e55aacc47cb857215"}
,"C:\\Users\\achfa.ruapensa\\code\\car-rental-be-main\\src\\models\\user.js": {"path":"C:\\Users\\achfa.ruapensa\\code\\car-rental-be-main\\src\\models\\user.js","statementMap":{"0":{"start":{"line":1,"column":18},"end":{"line":1,"column":35}},"1":{"start":{"line":6,"column":4},"end":{"line":6,"column":19}},"2":{"start":{"line":7,"column":4},"end":{"line":14,"column":6}},"3":{"start":{"line":18,"column":0},"end":{"line":18,"column":27}}},"fnMap":{"0":{"name":"(anonymous_0)","decl":{"start":{"line":5,"column":2},"end":{"line":5,"column":3}},"loc":{"start":{"line":5,"column":16},"end":{"line":15,"column":3}},"line":5}},"branchMap":{},"s":{"0":1,"1":3,"2":3,"3":1},"f":{"0":3},"b":{},"_coverageSchema":"1a1c01bbd47fc00a2c39e90264f33305004495a9","hash":"bee442bec089b1f867150b81bb293dfd5b40d17e"}
,"C:\\Users\\achfa.ruapensa\\code\\car-rental-be-main\\src\\routes\\index.js": {"path":"C:\\Users\\achfa.ruapensa\\code\\car-rental-be-main\\src\\routes\\index.js","statementMap":{"0":{"start":{"line":1,"column":43},"end":{"line":1,"column":68}},"1":{"start":{"line":2,"column":13},"end":{"line":2,"column":28}},"2":{"start":{"line":3,"column":16},"end":{"line":3,"column":34}},"3":{"start":{"line":4,"column":15},"end":{"line":4,"column":31}},"4":{"start":{"line":5,"column":18},"end":{"line":5,"column":47}},"5":{"start":{"line":6,"column":24},"end":{"line":6,"column":53}},"6":{"start":{"line":8,"column":0},"end":{"line":8,"column":75}},"7":{"start":{"line":9,"column":0},"end":{"line":9,"column":25}},"8":{"start":{"line":10,"column":0},"end":{"line":10,"column":27}},"9":{"start":{"line":11,"column":0},"end":{"line":11,"column":25}},"10":{"start":{"line":12,"column":0},"end":{"line":12,"column":27}},"11":{"start":{"line":13,"column":0},"end":{"line":13,"column":29}},"12":{"start":{"line":15,"column":0},"end":{"line":15,"column":24}}},"fnMap":{},"branchMap":{},"s":{"0":1,"1":1,"2":1,"3":1,"4":1,"5":1,"6":1,"7":1,"8":1,"9":1,"10":1,"11":1,"12":1},"f":{},"b":{},"_coverageSchema":"1a1c01bbd47fc00a2c39e90264f33305004495a9","hash":"76a70810ac7de1f684c14b697a6183058de9f6b5"}
}
